ARM GAS  /tmp/ccG73dp5.s 			page 1


   1              		.syntax unified
   2              		.cpu cortex-m4
   3              		.eabi_attribute 27, 1
   4              		.eabi_attribute 28, 1
   5              		.fpu fpv4-sp-d16
   6              		.eabi_attribute 20, 1
   7              		.eabi_attribute 21, 1
   8              		.eabi_attribute 23, 3
   9              		.eabi_attribute 24, 1
  10              		.eabi_attribute 25, 1
  11              		.eabi_attribute 26, 1
  12              		.eabi_attribute 30, 1
  13              		.eabi_attribute 34, 1
  14              		.eabi_attribute 18, 4
  15              		.thumb
  16              		.file	"gpio.c"
  17              		.text
  18              	.Ltext0:
  19              		.cfi_sections	.debug_frame
  20              		.section	.text.MX_GPIO_Init,"ax",%progbits
  21              		.align	2
  22              		.global	MX_GPIO_Init
  23              		.thumb
  24              		.thumb_func
  26              	MX_GPIO_Init:
  27              	.LFB123:
  28              		.file 1 "Src/gpio.c"
   1:Src/gpio.c    **** /**
   2:Src/gpio.c    ****   ******************************************************************************
   3:Src/gpio.c    ****   * File Name          : gpio.c
   4:Src/gpio.c    ****   * Description        : This file provides code for the configuration
   5:Src/gpio.c    ****   *                      of all used GPIO pins.
   6:Src/gpio.c    ****   ******************************************************************************
   7:Src/gpio.c    ****   ** This notice applies to any and all portions of this file
   8:Src/gpio.c    ****   * that are not between comment pairs USER CODE BEGIN and
   9:Src/gpio.c    ****   * USER CODE END. Other portions of this file, whether 
  10:Src/gpio.c    ****   * inserted by the user or by software development tools
  11:Src/gpio.c    ****   * are owned by their respective copyright owners.
  12:Src/gpio.c    ****   *
  13:Src/gpio.c    ****   * COPYRIGHT(c) 2018 STMicroelectronics
  14:Src/gpio.c    ****   *
  15:Src/gpio.c    ****   * Redistribution and use in source and binary forms, with or without modification,
  16:Src/gpio.c    ****   * are permitted provided that the following conditions are met:
  17:Src/gpio.c    ****   *   1. Redistributions of source code must retain the above copyright notice,
  18:Src/gpio.c    ****   *      this list of conditions and the following disclaimer.
  19:Src/gpio.c    ****   *   2. Redistributions in binary form must reproduce the above copyright notice,
  20:Src/gpio.c    ****   *      this list of conditions and the following disclaimer in the documentation
  21:Src/gpio.c    ****   *      and/or other materials provided with the distribution.
  22:Src/gpio.c    ****   *   3. Neither the name of STMicroelectronics nor the names of its contributors
  23:Src/gpio.c    ****   *      may be used to endorse or promote products derived from this software
  24:Src/gpio.c    ****   *      without specific prior written permission.
  25:Src/gpio.c    ****   *
  26:Src/gpio.c    ****   * THIS SOFTWARE IS PROVIDED BY THE COPYRIGHT HOLDERS AND CONTRIBUTORS "AS IS"
  27:Src/gpio.c    ****   * AND ANY EXPRESS OR IMPLIED WARRANTIES, INCLUDING, BUT NOT LIMITED TO, THE
  28:Src/gpio.c    ****   * IMPLIED WARRANTIES OF MERCHANTABILITY AND FITNESS FOR A PARTICULAR PURPOSE ARE
  29:Src/gpio.c    ****   * DISCLAIMED. IN NO EVENT SHALL THE COPYRIGHT HOLDER OR CONTRIBUTORS BE LIABLE
  30:Src/gpio.c    ****   * FOR ANY DIRECT, INDIRECT, INCIDENTAL, SPECIAL, EXEMPLARY, OR CONSEQUENTIAL
ARM GAS  /tmp/ccG73dp5.s 			page 2


  31:Src/gpio.c    ****   * DAMAGES (INCLUDING, BUT NOT LIMITED TO, PROCUREMENT OF SUBSTITUTE GOODS OR
  32:Src/gpio.c    ****   * SERVICES; LOSS OF USE, DATA, OR PROFITS; OR BUSINESS INTERRUPTION) HOWEVER
  33:Src/gpio.c    ****   * CAUSED AND ON ANY THEORY OF LIABILITY, WHETHER IN CONTRACT, STRICT LIABILITY,
  34:Src/gpio.c    ****   * OR TORT (INCLUDING NEGLIGENCE OR OTHERWISE) ARISING IN ANY WAY OUT OF THE USE
  35:Src/gpio.c    ****   * OF THIS SOFTWARE, EVEN IF ADVISED OF THE POSSIBILITY OF SUCH DAMAGE.
  36:Src/gpio.c    ****   *
  37:Src/gpio.c    ****   ******************************************************************************
  38:Src/gpio.c    ****   */
  39:Src/gpio.c    **** 
  40:Src/gpio.c    **** /* Includes ------------------------------------------------------------------*/
  41:Src/gpio.c    **** #include "gpio.h"
  42:Src/gpio.c    **** /* USER CODE BEGIN 0 */
  43:Src/gpio.c    **** 
  44:Src/gpio.c    **** /* USER CODE END 0 */
  45:Src/gpio.c    **** 
  46:Src/gpio.c    **** /*----------------------------------------------------------------------------*/
  47:Src/gpio.c    **** /* Configure GPIO                                                             */
  48:Src/gpio.c    **** /*----------------------------------------------------------------------------*/
  49:Src/gpio.c    **** /* USER CODE BEGIN 1 */
  50:Src/gpio.c    **** 
  51:Src/gpio.c    **** /* USER CODE END 1 */
  52:Src/gpio.c    **** 
  53:Src/gpio.c    **** /** Configure pins as 
  54:Src/gpio.c    ****         * Analog 
  55:Src/gpio.c    ****         * Input 
  56:Src/gpio.c    ****         * Output
  57:Src/gpio.c    ****         * EVENT_OUT
  58:Src/gpio.c    ****         * EXTI
  59:Src/gpio.c    **** */
  60:Src/gpio.c    **** void MX_GPIO_Init(void)
  61:Src/gpio.c    **** {
  29              		.loc 1 61 0
  30              		.cfi_startproc
  31              		@ args = 0, pretend = 0, frame = 40
  32              		@ frame_needed = 0, uses_anonymous_args = 0
  33 0000 30B5     		push	{r4, r5, lr}
  34              	.LCFI0:
  35              		.cfi_def_cfa_offset 12
  36              		.cfi_offset 4, -12
  37              		.cfi_offset 5, -8
  38              		.cfi_offset 14, -4
  39 0002 8BB0     		sub	sp, sp, #44
  40              	.LCFI1:
  41              		.cfi_def_cfa_offset 56
  42              	.LBB2:
  62:Src/gpio.c    **** 
  63:Src/gpio.c    ****   GPIO_InitTypeDef GPIO_InitStruct;
  64:Src/gpio.c    **** 
  65:Src/gpio.c    ****   /* GPIO Ports Clock Enable */
  66:Src/gpio.c    ****   __HAL_RCC_GPIOC_CLK_ENABLE();
  43              		.loc 1 66 0
  44 0004 0024     		movs	r4, #0
  45 0006 0194     		str	r4, [sp, #4]
  46 0008 214B     		ldr	r3, .L3
  47 000a 1A6B     		ldr	r2, [r3, #48]
  48 000c 42F00402 		orr	r2, r2, #4
  49 0010 1A63     		str	r2, [r3, #48]
ARM GAS  /tmp/ccG73dp5.s 			page 3


  50 0012 1A6B     		ldr	r2, [r3, #48]
  51 0014 02F00402 		and	r2, r2, #4
  52 0018 0192     		str	r2, [sp, #4]
  53 001a 019A     		ldr	r2, [sp, #4]
  54              	.LBE2:
  55              	.LBB3:
  67:Src/gpio.c    ****   __HAL_RCC_GPIOH_CLK_ENABLE();
  56              		.loc 1 67 0
  57 001c 0294     		str	r4, [sp, #8]
  58 001e 1A6B     		ldr	r2, [r3, #48]
  59 0020 42F08002 		orr	r2, r2, #128
  60 0024 1A63     		str	r2, [r3, #48]
  61 0026 1A6B     		ldr	r2, [r3, #48]
  62 0028 02F08002 		and	r2, r2, #128
  63 002c 0292     		str	r2, [sp, #8]
  64 002e 029A     		ldr	r2, [sp, #8]
  65              	.LBE3:
  66              	.LBB4:
  68:Src/gpio.c    ****   __HAL_RCC_GPIOA_CLK_ENABLE();
  67              		.loc 1 68 0
  68 0030 0394     		str	r4, [sp, #12]
  69 0032 1A6B     		ldr	r2, [r3, #48]
  70 0034 42F00102 		orr	r2, r2, #1
  71 0038 1A63     		str	r2, [r3, #48]
  72 003a 1A6B     		ldr	r2, [r3, #48]
  73 003c 02F00102 		and	r2, r2, #1
  74 0040 0392     		str	r2, [sp, #12]
  75 0042 039A     		ldr	r2, [sp, #12]
  76              	.LBE4:
  77              	.LBB5:
  69:Src/gpio.c    ****   __HAL_RCC_GPIOB_CLK_ENABLE();
  78              		.loc 1 69 0
  79 0044 0494     		str	r4, [sp, #16]
  80 0046 1A6B     		ldr	r2, [r3, #48]
  81 0048 42F00202 		orr	r2, r2, #2
  82 004c 1A63     		str	r2, [r3, #48]
  83 004e 1B6B     		ldr	r3, [r3, #48]
  84 0050 03F00203 		and	r3, r3, #2
  85 0054 0493     		str	r3, [sp, #16]
  86 0056 049B     		ldr	r3, [sp, #16]
  87              	.LBE5:
  70:Src/gpio.c    **** 
  71:Src/gpio.c    ****   /*Configure GPIO pin Output Level */
  72:Src/gpio.c    ****   HAL_GPIO_WritePin(LD2_GPIO_Port, LD2_Pin, GPIO_PIN_RESET);
  88              		.loc 1 72 0
  89 0058 0E4D     		ldr	r5, .L3+4
  90 005a 2846     		mov	r0, r5
  91 005c 2021     		movs	r1, #32
  92 005e 2246     		mov	r2, r4
  93 0060 FFF7FEFF 		bl	HAL_GPIO_WritePin
  94              	.LVL0:
  73:Src/gpio.c    **** 
  74:Src/gpio.c    ****   /*Configure GPIO pin : PtPin */
  75:Src/gpio.c    ****   GPIO_InitStruct.Pin = B1_Pin;
  95              		.loc 1 75 0
  96 0064 4FF40053 		mov	r3, #8192
  97 0068 0593     		str	r3, [sp, #20]
ARM GAS  /tmp/ccG73dp5.s 			page 4


  76:Src/gpio.c    ****   GPIO_InitStruct.Mode = GPIO_MODE_IT_FALLING;
  98              		.loc 1 76 0
  99 006a 0B4B     		ldr	r3, .L3+8
 100 006c 0693     		str	r3, [sp, #24]
  77:Src/gpio.c    ****   GPIO_InitStruct.Pull = GPIO_NOPULL;
 101              		.loc 1 77 0
 102 006e 0794     		str	r4, [sp, #28]
  78:Src/gpio.c    ****   HAL_GPIO_Init(B1_GPIO_Port, &GPIO_InitStruct);
 103              		.loc 1 78 0
 104 0070 0A48     		ldr	r0, .L3+12
 105 0072 05A9     		add	r1, sp, #20
 106 0074 FFF7FEFF 		bl	HAL_GPIO_Init
 107              	.LVL1:
  79:Src/gpio.c    **** 
  80:Src/gpio.c    ****   /*Configure GPIO pin : PtPin */
  81:Src/gpio.c    ****   GPIO_InitStruct.Pin = LD2_Pin;
 108              		.loc 1 81 0
 109 0078 2023     		movs	r3, #32
 110 007a 0593     		str	r3, [sp, #20]
  82:Src/gpio.c    ****   GPIO_InitStruct.Mode = GPIO_MODE_OUTPUT_PP;
 111              		.loc 1 82 0
 112 007c 0123     		movs	r3, #1
 113 007e 0693     		str	r3, [sp, #24]
  83:Src/gpio.c    ****   GPIO_InitStruct.Pull = GPIO_NOPULL;
 114              		.loc 1 83 0
 115 0080 0794     		str	r4, [sp, #28]
  84:Src/gpio.c    ****   GPIO_InitStruct.Speed = GPIO_SPEED_FREQ_LOW;
 116              		.loc 1 84 0
 117 0082 0894     		str	r4, [sp, #32]
  85:Src/gpio.c    ****   HAL_GPIO_Init(LD2_GPIO_Port, &GPIO_InitStruct);
 118              		.loc 1 85 0
 119 0084 2846     		mov	r0, r5
 120 0086 05A9     		add	r1, sp, #20
 121 0088 FFF7FEFF 		bl	HAL_GPIO_Init
 122              	.LVL2:
  86:Src/gpio.c    **** 
  87:Src/gpio.c    **** }
 123              		.loc 1 87 0
 124 008c 0BB0     		add	sp, sp, #44
 125              	.LCFI2:
 126              		.cfi_def_cfa_offset 12
 127              		@ sp needed
 128 008e 30BD     		pop	{r4, r5, pc}
 129              	.L4:
 130              		.align	2
 131              	.L3:
 132 0090 00380240 		.word	1073887232
 133 0094 00000240 		.word	1073872896
 134 0098 00002110 		.word	270598144
 135 009c 00080240 		.word	1073874944
 136              		.cfi_endproc
 137              	.LFE123:
 139              		.text
 140              	.Letext0:
 141              		.file 2 "/usr/include/newlib/machine/_default_types.h"
 142              		.file 3 "/usr/include/newlib/sys/_stdint.h"
 143              		.file 4 "Drivers/CMSIS/Device/ST/STM32F4xx/Include/stm32f411xe.h"
ARM GAS  /tmp/ccG73dp5.s 			page 5


 144              		.file 5 "Drivers/STM32F4xx_HAL_Driver/Inc/stm32f4xx_hal_gpio.h"
 145              		.file 6 "Drivers/CMSIS/Include/core_cm4.h"
ARM GAS  /tmp/ccG73dp5.s 			page 6


DEFINED SYMBOLS
                            *ABS*:0000000000000000 gpio.c
     /tmp/ccG73dp5.s:21     .text.MX_GPIO_Init:0000000000000000 $t
     /tmp/ccG73dp5.s:26     .text.MX_GPIO_Init:0000000000000000 MX_GPIO_Init
     /tmp/ccG73dp5.s:132    .text.MX_GPIO_Init:0000000000000090 $d
                     .debug_frame:0000000000000010 $d

UNDEFINED SYMBOLS
HAL_GPIO_WritePin
HAL_GPIO_Init
